workspaceAndroidStudio/NFCLearnTracker/app/build/outputs/logs/manifest-merger-debug-report.txt
-- Merging decision tree log ---
manifest
ADDED from src/main/AndroidManifest.xml:2:1-81:12
	package
		ADDED from src/main/AndroidManifest.xml:3:5-59
		INJECTED from src/main/AndroidManifest.xml
		INJECTED from src/main/AndroidManifest.xml
	android:versionName
		ADDED from src/main/AndroidManifest.xml:5:5-33
		INJECTED from src/main/AndroidManifest.xml
		INJECTED from src/main/AndroidManifest.xml
	android:versionCode
		ADDED from src/main/AndroidManifest.xml:4:5-28
		INJECTED from src/main/AndroidManifest.xml
		INJECTED from src/main/AndroidManifest.xml
	xmlns:android
		ADDED from src/main/AndroidManifest.xml:2:11-69
uses-sdk
ADDED from src/main/AndroidManifest.xml:7:5-9:41
	android:targetSdkVersion
		ADDED from src/main/AndroidManifest.xml:9:9-38
		INJECTED from src/main/AndroidManifest.xml
		INJECTED from src/main/AndroidManifest.xml
	android:minSdkVersion
		ADDED from src/main/AndroidManifest.xml:8:9-35
		INJECTED from src/main/AndroidManifest.xml
		INJECTED from src/main/AndroidManifest.xml
uses-permission#android.permission.NFC
ADDED from src/main/AndroidManifest.xml:11:5-62
	android:name
		ADDED from src/main/AndroidManifest.xml:11:22-59
uses-permission#android.permission.INTERNET
ADDED from src/main/AndroidManifest.xml:12:5-67
	android:name
		ADDED from src/main/AndroidManifest.xml:12:22-64
uses-permission#android.permission.ACCESS_NETWORK_STATE
ADDED from src/main/AndroidManifest.xml:13:5-79
	android:name
		ADDED from src/main/AndroidManifest.xml:13:22-76
uses-permission#android.permission.WAKE_LOCK
ADDED from src/main/AndroidManifest.xml:14:5-68
	android:name
		ADDED from src/main/AndroidManifest.xml:14:22-65
uses-permission#android.permission.RECEIVE_BOOT_COMPLETED
ADDED from src/main/AndroidManifest.xml:15:5-81
	android:name
		ADDED from src/main/AndroidManifest.xml:15:22-78
uses-feature#android.hardware.nfc
ADDED from src/main/AndroidManifest.xml:17:5-57
	android:name
		ADDED from src/main/AndroidManifest.xml:17:19-54
application
ADDED from src/main/AndroidManifest.xml:19:5-79:19
	android:screenOrientation
		ADDED from src/main/AndroidManifest.xml:25:9-45
	android:label
		ADDED from src/main/AndroidManifest.xml:23:9-41
	android:launchMode
		ADDED from src/main/AndroidManifest.xml:24:9-44
	android:allowBackup
		ADDED from src/main/AndroidManifest.xml:20:9-35
	android:alwaysRetainTaskState
		ADDED from src/main/AndroidManifest.xml:21:9-45
	android:icon
		ADDED from src/main/AndroidManifest.xml:22:9-45
	android:theme
		ADDED from src/main/AndroidManifest.xml:26:9-40
activity#org.ounl.lifelonglearninghub.nfclearntracker.MainActivity
ADDED from src/main/AndroidManifest.xml:27:9-40:20
	android:label
		ADDED from src/main/AndroidManifest.xml:29:13-45
	android:name
		ADDED from src/main/AndroidManifest.xml:28:13-85
intent-filter#android.intent.action.MAIN+android.intent.category.LAUNCHER
ADDED from src/main/AndroidManifest.xml:30:13-33:29
action#android.intent.action.MAIN
ADDED from src/main/AndroidManifest.xml:31:17-69
	android:name
		ADDED from src/main/AndroidManifest.xml:31:25-66
category#android.intent.category.LAUNCHER
ADDED from src/main/AndroidManifest.xml:32:17-77
	android:name
		ADDED from src/main/AndroidManifest.xml:32:27-74
intent-filter#android.intent.category.DEFAULT+android.nfc.action.TAG_DISCOVERED
ADDED from src/main/AndroidManifest.xml:36:13-39:29
action#android.nfc.action.TAG_DISCOVERED
ADDED from src/main/AndroidManifest.xml:37:17-76
	android:name
		ADDED from src/main/AndroidManifest.xml:37:25-73
category#android.intent.category.DEFAULT
ADDED from src/main/AndroidManifest.xml:38:17-76
	android:name
		ADDED from src/main/AndroidManifest.xml:38:27-73
activity#org.ounl.lifelonglearninghub.nfclearntracker.fcube.navigate.SwipeFragmentActivity
ADDED from src/main/AndroidManifest.xml:42:9-44:48
	android:label
		ADDED from src/main/AndroidManifest.xml:44:13-45
	android:name
		ADDED from src/main/AndroidManifest.xml:43:13-109
activity#org.ounl.lifelonglearninghub.nfclearntracker.fcube.MainCubeActivity
ADDED from src/main/AndroidManifest.xml:45:9-47:48
	android:label
		ADDED from src/main/AndroidManifest.xml:47:13-45
	android:name
		ADDED from src/main/AndroidManifest.xml:46:13-95
activity#org.ounl.lifelonglearninghub.nfclearntracker.swipe.TimeLineActivity
ADDED from src/main/AndroidManifest.xml:48:9-50:48
	android:label
		ADDED from src/main/AndroidManifest.xml:50:13-45
	android:name
		ADDED from src/main/AndroidManifest.xml:49:13-95
activity#org.ounl.lifelonglearninghub.nfclearntracker.db.charts.PieChartActivity
ADDED from src/main/AndroidManifest.xml:51:9-53:48
	android:label
		ADDED from src/main/AndroidManifest.xml:53:13-45
	android:name
		ADDED from src/main/AndroidManifest.xml:52:13-99
activity#org.ounl.lifelonglearninghub.nfclearntracker.swipe.SwipeActivity
ADDED from src/main/AndroidManifest.xml:54:9-56:48
	android:label
		ADDED from src/main/AndroidManifest.xml:56:13-45
	android:name
		ADDED from src/main/AndroidManifest.xml:55:13-92
activity#org.ounl.lifelonglearninghub.nfclearntracker.db.CreateGoalActivity
ADDED from src/main/AndroidManifest.xml:57:9-59:48
	android:label
		ADDED from src/main/AndroidManifest.xml:59:13-45
	android:name
		ADDED from src/main/AndroidManifest.xml:58:13-94
activity#org.ounl.lifelonglearninghub.nfclearntracker.db.ViewGoalActivity
ADDED from src/main/AndroidManifest.xml:60:9-62:48
	android:label
		ADDED from src/main/AndroidManifest.xml:62:13-45
	android:name
		ADDED from src/main/AndroidManifest.xml:61:13-92
activity#org.achartengine.GraphicalActivity
ADDED from src/main/AndroidManifest.xml:63:9-65:48
	android:label
		ADDED from src/main/AndroidManifest.xml:65:13-45
	android:name
		ADDED from src/main/AndroidManifest.xml:64:13-62
receiver#org.ounl.lifelonglearninghub.nfclearntracker.scheduler.SampleAlarmReceiver
ADDED from src/main/AndroidManifest.xml:67:9-120
	android:name
		ADDED from src/main/AndroidManifest.xml:67:19-108
receiver#org.ounl.lifelonglearninghub.nfclearntracker.scheduler.SampleBootReceiver
ADDED from src/main/AndroidManifest.xml:69:9-76:20
	android:enabled
		ADDED from src/main/AndroidManifest.xml:71:13-36
	android:name
		ADDED from src/main/AndroidManifest.xml:70:13-101
intent-filter#android.intent.action.BOOT_COMPLETED
ADDED from src/main/AndroidManifest.xml:72:13-75:29
action#android.intent.action.BOOT_COMPLETED
ADDED from src/main/AndroidManifest.xml:73:17-74:26
	android:name
		ADDED from src/main/AndroidManifest.xml:73:25-76
service#org.ounl.lifelonglearninghub.nfclearntracker.scheduler.SampleSchedulingService
ADDED from src/main/AndroidManifest.xml:78:9-114
	android:name
		ADDED from src/main/AndroidManifest.xml:78:18-111